{
  "RSpec": {
    "coverage": {
      "/Users/sterling/turing/1mod/projects/enigma/spec/enigma_spec.rb": {
        "lines": [
          1,
          1,
          1,
          null,
          1,
          1,
          null,
          0,
          null,
          0,
          null,
          0,
          null,
          null,
          1,
          null,
          0,
          null,
          0,
          null,
          0,
          null,
          null,
          1,
          null,
          0,
          null,
          0,
          null,
          null,
          0,
          null,
          1,
          null,
          0,
          null,
          0,
          null,
          0,
          null,
          null
        ]
      },
      "/Users/sterling/turing/1mod/projects/enigma/lib/enigma.rb": {
        "lines": [
          1,
          1,
          null,
          1,
          1,
          null,
          1,
          0,
          0,
          0,
          null,
          null,
          null
        ]
      },
      "/Users/sterling/turing/1mod/projects/enigma/lib/offset.rb": {
        "lines": [
          1,
          1,
          1,
          null,
          1,
          0,
          null,
          null,
          null,
          1,
          0,
          null,
          null,
          1,
          0,
          null,
          null
        ]
      },
      "/Users/sterling/turing/1mod/projects/enigma/spec/offset_spec.rb": {
        "lines": [
          1,
          1,
          1,
          null,
          1,
          1,
          0,
          null,
          0,
          null,
          null,
          1,
          0,
          null,
          0,
          0,
          null,
          null,
          1,
          0,
          null,
          0,
          null,
          null,
          1,
          0,
          null,
          0,
          null,
          null,
          1,
          0,
          null,
          0,
          null,
          null
        ]
      },
      "/Users/sterling/turing/1mod/projects/enigma/spec/key_spec.rb": {
        "lines": [
          1,
          1,
          null,
          1,
          0,
          0,
          null,
          0,
          0,
          null,
          null
        ]
      },
      "/Users/sterling/turing/1mod/projects/enigma/lib/key.rb": {
        "lines": [

        ]
      }
    },
    "timestamp": 1654978060
  }
}
